Removed Pin From Net: NetName=NetD1_2 Pin=R22-1
Removed Pin From Net: NetName=GND Pin=R22-2
Removed Pin From Net: NetName=NetD2_2 Pin=R23-1
Removed Pin From Net: NetName=GND Pin=R23-2
Removed Pin From Net: NetName=NetD3_2 Pin=R24-1
Removed Pin From Net: NetName=GND Pin=R24-2
Removed Pin From Net: NetName=NetD4_2 Pin=R25-1
Removed Pin From Net: NetName=GND Pin=R25-2
Removed Pin From Net: NetName=NetD5_2 Pin=R28-1
Removed Pin From Net: NetName=GND Pin=R28-2
Change Component Footprint: Designator=R22 Old Footprint=AXIAL-0.3 New Footprint=150 RES
Change Component Footprint: Designator=R23 Old Footprint=AXIAL-0.3 New Footprint=150 RES
Change Component Footprint: Designator=R24 Old Footprint=AXIAL-0.3 New Footprint=150 RES
Change Component Footprint: Designator=R25 Old Footprint=AXIAL-0.3 New Footprint=150 RES
Change Component Footprint: Designator=R28 Old Footprint=AXIAL-0.3 New Footprint=150 RES
Change Component Comment : Designator=R22 Old Comment=Res New Comment=150 RES
Change Component Comment : Designator=R23 Old Comment=Res New Comment=150 RES
Change Component Comment : Designator=R24 Old Comment=Res New Comment=150 RES
Change Component Comment : Designator=R25 Old Comment=Res New Comment=150 RES
Change Component Comment : Designator=R28 Old Comment=Res New Comment=150 RES
Change component parameters: Designator = "R22" ("R22"); Footprint = "AXIAL-0.3"; UniqueID = "\JZZNWLIO" ("\JZZNWLIO")
Change component parameters (AddParameter): Name = "Availability"; Value = "Good"; VariantName = "[No Variations]"
Change component parameters (AddParameter): Name = "Check_prices"; Value = "https://www.snapeda.com/parts/CFR50J150R/TE%20Connectivity/view-part/2667839/?ref=eda"; VariantName = "[No Variations]"
Change component parameters (AddParameter): Name = "MF"; Value = "TE Connectivity"; VariantName = "[No Variations]"
Change component parameters (AddParameter): Name = "MP"; Value = "CFR50J150R"; VariantName = "[No Variations]"
Change component parameters (AddParameter): Name = "Package"; Value = "Axial TE Connectivity"; VariantName = "[No Variations]"
Change component parameters (AddParameter): Name = "Price"; Value = "None"; VariantName = "[No Variations]"
Change component parameters (AddParameter): Name = "Purchase-URL"; Value = "https://pricing.snapeda.com/search/part/CFR50J150R/?ref=eda"; VariantName = "[No Variations]"
Change component parameters (AddParameter): Name = "SnapEDA_Link"; Value = "https://www.snapeda.com/parts/CFR50J150R/TE%20Connectivity/view-part/2667839/?ref=snap"; VariantName = "[No Variations]"
Change component parameters (AddParameter): Name = "Value"; Value = ""; VariantName = "[No Variations]"
Change component parameters: Designator = "R23" ("R23"); Footprint = "AXIAL-0.3"; UniqueID = "\KOQIIUKX" ("\KOQIIUKX")
Change component parameters (AddParameter): Name = "Availability"; Value = "Good"; VariantName = "[No Variations]"
Change component parameters (AddParameter): Name = "Check_prices"; Value = "https://www.snapeda.com/parts/CFR50J150R/TE%20Connectivity/view-part/2667839/?ref=eda"; VariantName = "[No Variations]"
Change component parameters (AddParameter): Name = "MF"; Value = "TE Connectivity"; VariantName = "[No Variations]"
Change component parameters (AddParameter): Name = "MP"; Value = "CFR50J150R"; VariantName = "[No Variations]"
Change component parameters (AddParameter): Name = "Package"; Value = "Axial TE Connectivity"; VariantName = "[No Variations]"
Change component parameters (AddParameter): Name = "Price"; Value = "None"; VariantName = "[No Variations]"
Change component parameters (AddParameter): Name = "Purchase-URL"; Value = "https://pricing.snapeda.com/search/part/CFR50J150R/?ref=eda"; VariantName = "[No Variations]"
Change component parameters (AddParameter): Name = "SnapEDA_Link"; Value = "https://www.snapeda.com/parts/CFR50J150R/TE%20Connectivity/view-part/2667839/?ref=snap"; VariantName = "[No Variations]"
Change component parameters (AddParameter): Name = "Value"; Value = ""; VariantName = "[No Variations]"
Change component parameters: Designator = "R24" ("R24"); Footprint = "AXIAL-0.3"; UniqueID = "\RJTIKDHX" ("\RJTIKDHX")
Change component parameters (AddParameter): Name = "Availability"; Value = "Good"; VariantName = "[No Variations]"
Change component parameters (AddParameter): Name = "Check_prices"; Value = "https://www.snapeda.com/parts/CFR50J150R/TE%20Connectivity/view-part/2667839/?ref=eda"; VariantName = "[No Variations]"
Change component parameters (AddParameter): Name = "MF"; Value = "TE Connectivity"; VariantName = "[No Variations]"
Change component parameters (AddParameter): Name = "MP"; Value = "CFR50J150R"; VariantName = "[No Variations]"
Change component parameters (AddParameter): Name = "Package"; Value = "Axial TE Connectivity"; VariantName = "[No Variations]"
Change component parameters (AddParameter): Name = "Price"; Value = "None"; VariantName = "[No Variations]"
Change component parameters (AddParameter): Name = "Purchase-URL"; Value = "https://pricing.snapeda.com/search/part/CFR50J150R/?ref=eda"; VariantName = "[No Variations]"
Change component parameters (AddParameter): Name = "SnapEDA_Link"; Value = "https://www.snapeda.com/parts/CFR50J150R/TE%20Connectivity/view-part/2667839/?ref=snap"; VariantName = "[No Variations]"
Change component parameters (AddParameter): Name = "Value"; Value = ""; VariantName = "[No Variations]"
Change component parameters: Designator = "R25" ("R25"); Footprint = "AXIAL-0.3"; UniqueID = "\SIDGQXDK" ("\SIDGQXDK")
Change component parameters (AddParameter): Name = "Availability"; Value = "Good"; VariantName = "[No Variations]"
Change component parameters (AddParameter): Name = "Check_prices"; Value = "https://www.snapeda.com/parts/CFR50J150R/TE%20Connectivity/view-part/2667839/?ref=eda"; VariantName = "[No Variations]"
Change component parameters (AddParameter): Name = "MF"; Value = "TE Connectivity"; VariantName = "[No Variations]"
Change component parameters (AddParameter): Name = "MP"; Value = "CFR50J150R"; VariantName = "[No Variations]"
Change component parameters (AddParameter): Name = "Package"; Value = "Axial TE Connectivity"; VariantName = "[No Variations]"
Change component parameters (AddParameter): Name = "Price"; Value = "None"; VariantName = "[No Variations]"
Change component parameters (AddParameter): Name = "Purchase-URL"; Value = "https://pricing.snapeda.com/search/part/CFR50J150R/?ref=eda"; VariantName = "[No Variations]"
Change component parameters (AddParameter): Name = "SnapEDA_Link"; Value = "https://www.snapeda.com/parts/CFR50J150R/TE%20Connectivity/view-part/2667839/?ref=snap"; VariantName = "[No Variations]"
Change component parameters (AddParameter): Name = "Value"; Value = ""; VariantName = "[No Variations]"
Change component parameters: Designator = "R28" ("R28"); Footprint = "AXIAL-0.3"; UniqueID = "\OENHUUWZ" ("\OENHUUWZ")
Change component parameters (AddParameter): Name = "Availability"; Value = "Good"; VariantName = "[No Variations]"
Change component parameters (AddParameter): Name = "Check_prices"; Value = "https://www.snapeda.com/parts/CFR50J150R/TE%20Connectivity/view-part/2667839/?ref=eda"; VariantName = "[No Variations]"
Change component parameters (AddParameter): Name = "MF"; Value = "TE Connectivity"; VariantName = "[No Variations]"
Change component parameters (AddParameter): Name = "MP"; Value = "CFR50J150R"; VariantName = "[No Variations]"
Change component parameters (AddParameter): Name = "Package"; Value = "Axial TE Connectivity"; VariantName = "[No Variations]"
Change component parameters (AddParameter): Name = "Price"; Value = "None"; VariantName = "[No Variations]"
Change component parameters (AddParameter): Name = "Purchase-URL"; Value = "https://pricing.snapeda.com/search/part/CFR50J150R/?ref=eda"; VariantName = "[No Variations]"
Change component parameters (AddParameter): Name = "SnapEDA_Link"; Value = "https://www.snapeda.com/parts/CFR50J150R/TE%20Connectivity/view-part/2667839/?ref=snap"; VariantName = "[No Variations]"
Change component parameters (AddParameter): Name = "Value"; Value = ""; VariantName = "[No Variations]"
Added Pin To Net: NetName=GND Pin=R22-1
Added Pin To Net: NetName=NetD1_2 Pin=R22-2
Added Pin To Net: NetName=GND Pin=R23-1
Added Pin To Net: NetName=NetD2_2 Pin=R23-2
Added Pin To Net: NetName=GND Pin=R24-1
Added Pin To Net: NetName=NetD3_2 Pin=R24-2
Added Pin To Net: NetName=GND Pin=R25-1
Added Pin To Net: NetName=NetD4_2 Pin=R25-2
Added Pin To Net: NetName=GND Pin=R28-1
Added Pin To Net: NetName=NetD5_2 Pin=R28-2
